<?xml version="1.0" encoding="UTF-8"?>
<testsuite name="textfiles.Question5Tests" tests="6" skipped="0" failures="0" errors="0" timestamp="2026-02-26T20:03:46" hostname="beech04.doc.ic.ac.uk" time="0.005">
  <properties/>
  <testcase name="testCompareTo1" classname="textfiles.Question5Tests" time="0.002"/>
  <testcase name="testCompareTo2" classname="textfiles.Question5Tests" time="0.002"/>
  <testcase name="testCompareTo3" classname="textfiles.Question5Tests" time="0.001"/>
  <testcase name="testCompareTo4" classname="textfiles.Question5Tests" time="0.0"/>
  <testcase name="testCompareTo5" classname="textfiles.Question5Tests" time="0.0"/>
  <testcase name="testCompareTo6" classname="textfiles.Question5Tests" time="0.0"/>
  <system-out><![CDATA[]]></system-out>
  <system-err><![CDATA[]]></system-err>
</testsuite>
