<?xml version="1.0" encoding="UTF-8"?>
<testsuite name="proglang.Question7Tests" tests="10" skipped="0" failures="0" errors="0" timestamp="2026-03-05T18:52:16" hostname="rowan07.doc.ic.ac.uk" time="4.975">
  <properties/>
  <testcase name="message passing 1" classname="proglang.Question7Tests" time="0.208"/>
  <testcase name="message passing 2" classname="proglang.Question7Tests" time="0.208"/>
  <testcase name="store buffering 1" classname="proglang.Question7Tests" time="1.086"/>
  <testcase name="store buffering 2" classname="proglang.Question7Tests" time="1.048"/>
  <testcase name="store buffering 3" classname="proglang.Question7Tests" time="0.247"/>
  <testcase name="lots of additions 1" classname="proglang.Question7Tests" time="0.056"/>
  <testcase name="lots of additions 2" classname="proglang.Question7Tests" time="0.218"/>
  <testcase name="exception if durations and pauses do not match" classname="proglang.Question7Tests" time="0.001"/>
  <testcase name="zero sum game 1" classname="proglang.Question7Tests" time="1.327"/>
  <testcase name="zero sum game 2" classname="proglang.Question7Tests" time="0.575"/>
  <system-out><![CDATA[]]></system-out>
  <system-err><![CDATA[]]></system-err>
</testsuite>
