<?xml version="1.0" encoding="UTF-8"?>
<testsuite name="proglang.Question1Tests" tests="34" skipped="0" failures="0" errors="0" timestamp="2026-03-05T18:52:16" hostname="rowan07.doc.ic.ac.uk" time="0.079">
  <properties/>
  <testcase name="sub vars" classname="proglang.Question1Tests" time="0.064"/>
  <testcase name="complex expression" classname="proglang.Question1Tests" time="0.004"/>
  <testcase name="mul vars toString" classname="proglang.Question1Tests" time="0.003"/>
  <testcase name="complex expression toString" classname="proglang.Question1Tests" time="0.001"/>
  <testcase name="fact exception" classname="proglang.Question1Tests" time="0.001"/>
  <testcase name="add vars" classname="proglang.Question1Tests" time="0.0"/>
  <testcase name="mul literals toString" classname="proglang.Question1Tests" time="0.0"/>
  <testcase name="div 1 vars toString" classname="proglang.Question1Tests" time="0.0"/>
  <testcase name="div literals 1" classname="proglang.Question1Tests" time="0.0"/>
  <testcase name="div literals 2" classname="proglang.Question1Tests" time="0.0"/>
  <testcase name="div exception" classname="proglang.Question1Tests" time="0.0"/>
  <testcase name="var toString" classname="proglang.Question1Tests" time="0.0"/>
  <testcase name="sub literals" classname="proglang.Question1Tests" time="0.0"/>
  <testcase name="fact literals toString" classname="proglang.Question1Tests" time="0.0"/>
  <testcase name="div literals 2 toString" classname="proglang.Question1Tests" time="0.0"/>
  <testcase name="sub vars toString" classname="proglang.Question1Tests" time="0.0"/>
  <testcase name="var" classname="proglang.Question1Tests" time="0.0"/>
  <testcase name="sub literals toString" classname="proglang.Question1Tests" time="0.0"/>
  <testcase name="div literals 1 toString" classname="proglang.Question1Tests" time="0.0"/>
  <testcase name="add vars toString" classname="proglang.Question1Tests" time="0.0"/>
  <testcase name="var exception" classname="proglang.Question1Tests" time="0.0"/>
  <testcase name="literal" classname="proglang.Question1Tests" time="0.0"/>
  <testcase name="div 1 vars" classname="proglang.Question1Tests" time="0.0"/>
  <testcase name="fact literals" classname="proglang.Question1Tests" time="0.0"/>
  <testcase name="div 2 vars" classname="proglang.Question1Tests" time="0.0"/>
  <testcase name="fact var" classname="proglang.Question1Tests" time="0.0"/>
  <testcase name="mul vars" classname="proglang.Question1Tests" time="0.0"/>
  <testcase name="div 2 vars toString" classname="proglang.Question1Tests" time="0.001"/>
  <testcase name="mul literals" classname="proglang.Question1Tests" time="0.0"/>
  <testcase name="add literals toString" classname="proglang.Question1Tests" time="0.0"/>
  <testcase name="add literals" classname="proglang.Question1Tests" time="0.0"/>
  <testcase name="fact var toString" classname="proglang.Question1Tests" time="0.0"/>
  <testcase name="div zero  toString" classname="proglang.Question1Tests" time="0.0"/>
  <testcase name="literal toString" classname="proglang.Question1Tests" time="0.0"/>
  <system-out><![CDATA[]]></system-out>
  <system-err><![CDATA[]]></system-err>
</testsuite>
