<?xml version="1.0" encoding="UTF-8"?>
<testsuite name="proglang.Question6Tests" tests="8" skipped="0" failures="0" errors="0" timestamp="2026-03-05T18:52:16" hostname="rowan07.doc.ic.ac.uk" time="0.008">
  <properties/>
  <testcase name="loopy program 2 execution 1" classname="proglang.Question6Tests" time="0.004"/>
  <testcase name="loopy program 2 execution 2" classname="proglang.Question6Tests" time="0.001"/>
  <testcase name="loopy program 1 execution 1" classname="proglang.Question6Tests" time="0.0"/>
  <testcase name="loopy program 1 execution 2" classname="proglang.Question6Tests" time="0.0"/>
  <testcase name="loopy program 1 execution 3" classname="proglang.Question6Tests" time="0.0"/>
  <testcase name="loopy program 2 toString" classname="proglang.Question6Tests" time="0.003"/>
  <testcase name="loopy program 1 toString" classname="proglang.Question6Tests" time="0.0"/>
  <testcase name="while statement toString" classname="proglang.Question6Tests" time="0.0"/>
  <system-out><![CDATA[]]></system-out>
  <system-err><![CDATA[]]></system-err>
</testsuite>
