<?xml version="1.0" encoding="UTF-8"?>
<testsuite name="tunes.GoodPracticesTestsNote" tests="3" skipped="0" failures="0" errors="0" timestamp="2026-02-26T22:08:53" hostname="beech04.doc.ic.ac.uk" time="0.035">
  <properties/>
  <testcase name="testClassIsFinal" classname="tunes.GoodPracticesTestsNote" time="0.003"/>
  <testcase name="testAllMembersFinal" classname="tunes.GoodPracticesTestsNote" time="0.032"/>
  <testcase name="testAllHelperMembersPrivate" classname="tunes.GoodPracticesTestsNote" time="0.0"/>
  <system-out><![CDATA[]]></system-out>
  <system-err><![CDATA[]]></system-err>
</testsuite>
