<?xml version="1.0" encoding="UTF-8"?>
<testsuite name="tunes.Question4Tests" tests="8" skipped="0" failures="0" errors="0" timestamp="2026-02-26T22:08:53" hostname="beech04.doc.ic.ac.uk" time="0.007">
  <properties/>
  <testcase name="testStretchShorter" classname="tunes.Question4Tests" time="0.006"/>
  <testcase name="testAddNotesSomeTooSlow" classname="tunes.Question4Tests" time="0.0"/>
  <testcase name="testStretchMuchShorter" classname="tunes.Question4Tests" time="0.0"/>
  <testcase name="testStretchMuchLonger" classname="tunes.Question4Tests" time="0.0"/>
  <testcase name="testStretchLonger" classname="tunes.Question4Tests" time="0.001"/>
  <testcase name="testAddNotesAllOk1" classname="tunes.Question4Tests" time="0.0"/>
  <testcase name="testAddNotesAllOk2" classname="tunes.Question4Tests" time="0.0"/>
  <testcase name="testStretchAndShrink" classname="tunes.Question4Tests" time="0.0"/>
  <system-out><![CDATA[]]></system-out>
  <system-err><![CDATA[]]></system-err>
</testsuite>
