<?xml version="1.0" encoding="UTF-8"?>
<testsuite name="tunes.GoodPracticesTestsStandardTune" tests="2" skipped="0" failures="0" errors="0" timestamp="2026-02-26T22:08:53" hostname="beech04.doc.ic.ac.uk" time="0.008">
  <properties/>
  <testcase name="testClassIsFinal" classname="tunes.GoodPracticesTestsStandardTune" time="0.002"/>
  <testcase name="testAllHelperMembersPrivate" classname="tunes.GoodPracticesTestsStandardTune" time="0.005"/>
  <system-out><![CDATA[]]></system-out>
  <system-err><![CDATA[]]></system-err>
</testsuite>
