<?xml version="1.0" encoding="UTF-8"?>
<testsuite name="tunes.Question6Tests" tests="3" skipped="0" failures="0" errors="0" timestamp="2026-02-26T22:08:54" hostname="beech04.doc.ic.ac.uk" time="0.001">
  <properties/>
  <testcase name="testLargeCollection" classname="tunes.Question6Tests" time="0.001"/>
  <testcase name="testSmallCollection" classname="tunes.Question6Tests" time="0.0"/>
  <testcase name="testEmptySongCollection" classname="tunes.Question6Tests" time="0.0"/>
  <system-out><![CDATA[]]></system-out>
  <system-err><![CDATA[]]></system-err>
</testsuite>
