<?xml version="1.0" encoding="UTF-8"?>
<testsuite name="tunes.Question2Tests" tests="6" skipped="0" failures="0" errors="0" timestamp="2026-02-26T22:08:53" hostname="beech04.doc.ic.ac.uk" time="0.002">
  <properties/>
  <testcase name="testAddNote" classname="tunes.Question2Tests" time="0.0"/>
  <testcase name="testIteration" classname="tunes.Question2Tests" time="0.001"/>
  <testcase name="testGetTotalDuration1" classname="tunes.Question2Tests" time="0.0"/>
  <testcase name="testGetTotalDuration2" classname="tunes.Question2Tests" time="0.0"/>
  <testcase name="testGetTotalDuration3" classname="tunes.Question2Tests" time="0.001"/>
  <testcase name="testConstructor" classname="tunes.Question2Tests" time="0.0"/>
  <system-out><![CDATA[]]></system-out>
  <system-err><![CDATA[]]></system-err>
</testsuite>
