<?xml version="1.0" encoding="UTF-8"?>
<testsuite name="collections.SinglyLinkedListExtraTests" tests="6" skipped="0" failures="0" errors="0" timestamp="2026-03-09T22:54:30" hostname="beech20.doc.ic.ac.uk" time="0.003">
  <properties/>
  <testcase name="removeAt works for in-bound indices" classname="collections.SinglyLinkedListExtraTests" time="0.001"/>
  <testcase name="remove behaves properly for elements in list" classname="collections.SinglyLinkedListExtraTests" time="0.001"/>
  <testcase name="removeAt works for edge indices" classname="collections.SinglyLinkedListExtraTests" time="0.001"/>
  <testcase name="remove behaves properly for elements non-present in the list" classname="collections.SinglyLinkedListExtraTests" time="0.0"/>
  <testcase name="removeAt behaves properly for indices out of bounds" classname="collections.SinglyLinkedListExtraTests" time="0.0"/>
  <testcase name="remove removes only the first instance of an element in a list" classname="collections.SinglyLinkedListExtraTests" time="0.0"/>
  <system-out><![CDATA[]]></system-out>
  <system-err><![CDATA[]]></system-err>
</testsuite>
