<?xml version="1.0" encoding="UTF-8"?>
<testsuite name="collections.ResizingArrayListTests" tests="29" skipped="0" failures="0" errors="0" timestamp="2026-03-09T22:54:30" hostname="beech20.doc.ic.ac.uk" time="0.037">
  <properties/>
  <testcase name="test addAll at start" classname="collections.ResizingArrayListTests" time="0.003"/>
  <testcase name="test add (Int)" classname="collections.ResizingArrayListTests" time="0.024"/>
  <testcase name="test addAll small" classname="collections.ResizingArrayListTests" time="0.001"/>
  <testcase name="concatenate with iterator" classname="collections.ResizingArrayListTests" time="0.001"/>
  <testcase name="test set (String)" classname="collections.ResizingArrayListTests" time="0.0"/>
  <testcase name="test set (Int)" classname="collections.ResizingArrayListTests" time="0.0"/>
  <testcase name="test resize in add-at-index if list is full (String)" classname="collections.ResizingArrayListTests" time="0.0"/>
  <testcase name="test add at start with resize (String)" classname="collections.ResizingArrayListTests" time="0.001"/>
  <testcase name="test get (Int)" classname="collections.ResizingArrayListTests" time="0.001"/>
  <testcase name="test toString empty (Int)" classname="collections.ResizingArrayListTests" time="0.0"/>
  <testcase name="test add with resize (String)" classname="collections.ResizingArrayListTests" time="0.0"/>
  <testcase name="test addAll to zero-capacity list" classname="collections.ResizingArrayListTests" time="0.0"/>
  <testcase name="test add in middle (String)" classname="collections.ResizingArrayListTests" time="0.002"/>
  <testcase name="size is 0" classname="collections.ResizingArrayListTests" time="0.0"/>
  <testcase name="test resize in add-at-index if list is full (Int)" classname="collections.ResizingArrayListTests" time="0.0"/>
  <testcase name="test addAll at index small" classname="collections.ResizingArrayListTests" time="0.0"/>
  <testcase name="iterator has next when empty" classname="collections.ResizingArrayListTests" time="0.001"/>
  <testcase name="test add at end (Int)" classname="collections.ResizingArrayListTests" time="0.0"/>
  <testcase name="iterate over elements" classname="collections.ResizingArrayListTests" time="0.0"/>
  <testcase name="test add (String)" classname="collections.ResizingArrayListTests" time="0.0"/>
  <testcase name="test add in middle (Int)" classname="collections.ResizingArrayListTests" time="0.0"/>
  <testcase name="test get (String)" classname="collections.ResizingArrayListTests" time="0.001"/>
  <testcase name="test add at end (String)" classname="collections.ResizingArrayListTests" time="0.0"/>
  <testcase name="test clear (String)" classname="collections.ResizingArrayListTests" time="0.0"/>
  <testcase name="test add (String) with zero initial capacity" classname="collections.ResizingArrayListTests" time="0.0"/>
  <testcase name="test addAll at end" classname="collections.ResizingArrayListTests" time="0.0"/>
  <testcase name="test add with resize (Int)" classname="collections.ResizingArrayListTests" time="0.001"/>
  <testcase name="test clear (Int)" classname="collections.ResizingArrayListTests" time="0.0"/>
  <testcase name="test toString empty (String)" classname="collections.ResizingArrayListTests" time="0.0"/>
  <system-out><![CDATA[]]></system-out>
  <system-err><![CDATA[]]></system-err>
</testsuite>
